Arguments: 
  C:\Program Files\nodejs\node.exe C:\Program Files (x86)\Yarn\bin\yarn.js init

PATH: 
  C:\Program Files (x86)\PC Connectivity Solution\;C:\Program Files (x86)\Common Files\Oracle\Java\javapath;C:\ProgramData\Oracle\Java\javapath;C:\Windows\system32;C:\Windows;C:\Windows\System32\Wbem;C:\Windows\System32\WindowsPowerShell\v1.0\;C:\Program Files (x86)\Common Files\lenovo\easyplussdk\bin;C:\Go\bin;C:\Program Files\Java\jdk1.8.0_73\bin;C:\apache-maven-3.5.3\bin;C:\cygwin64\bin;C:\Program Files (x86)\Windows Kits\8.1\Windows Performance Toolkit\;C:\Program Files\Microsoft SQL Server\110\Tools\Binn\;C:\sphinxbase\bin\Debug\Win32;C:\sphinxtrain\bin\Debug\Win32;C:\Program Files\MATLAB\MATLAB Production Server\R2015a\runtime\win64;C:\Program Files\MATLAB\MATLAB Production Server\R2015a\bin;C:\Program Files\MATLAB\MATLAB Production Server\R2015a\polyspace\bin;C:\JavaLibraries\pocketsphinx-master\bin\Debug\Win32;C:\Strawberry\c\bin;C:\Strawberry\perl\site\bin;C:\Strawberry\perl\bin;C:\flutter\bin;C:\ANT\bin;C:\Users\Eunovo\AppData\Local\Android\Sdk\platform-tools;C:\ProgramData\chocolatey\bin;C:\Bitnami\wampstack-7.1.17-0\php;C:\ProgramData\ComposerSetup\bin;C:\Program Files\Git\cmd;C:\kube\;C:\Program Files (x86)\GnuWin32\bin\;C:\Program Files\Microsoft VS Code\bin;c:\Program Files (x86)\Microsoft SQL Server\100\Tools\Binn\;c:\Program Files\Microsoft SQL Server\100\Tools\Binn\;c:\Program Files\Microsoft SQL Server\100\DTS\Binn\;C:\openssl\bin;C:\Program Files (x86)\Yarn\bin\;C:\Users\Eunovo\AppData\Roaming\nvm;C:\Program Files\nodejs;C:\Users\Eunovo\AppData\Local\Programs\Python\Python37\Scripts\;C:\Users\Eunovo\AppData\Local\Programs\Python\Python37\;C:\Users\Eunovo\Miniconda3;C:\Users\Eunovo\Miniconda3\Scripts;C:\Users\Eunovo\Miniconda3\Library\bin;C:\Program Files (x86)\Microsoft VS Code\bin;C:\Program Files\heroku\bin;C:\Users\Eunovo\AppData\Local\Android\Sdk\platform-tools;C:\Users\Eunovo\AppData\Local\Android\Sdk\tools;C:\flutter\bin;C:\tools\dart-sdk\bin;C:\Users\Eunovo\AppData\Roaming\Pub\Cache\bin;C:\Users\Eunovo\AppData\Roaming\Composer\vendor\bin;C:\Users\Eunovo\AppData\Local\Google\Cloud SDK\google-cloud-sdk\bin;C:\Users\Eunovo\AppData\Roaming\npm;C:\Program Files\Docker Toolbox;C:\Users\Eunovo\AppData\Local\Yarn\bin;C:\Users\Eunovo\AppData\Roaming\nvm;C:\Program Files\nodejs

Yarn version: 
  1.22.0

Node version: 
  12.16.1

Platform: 
  win32 x64

Trace: 
  Error: canceled
      at Interface.<anonymous> (C:\Program Files (x86)\Yarn\lib\cli.js:136987:13)
      at Interface.emit (events.js:311:20)
      at Interface._ttyWrite (readline.js:893:16)
      at ReadStream.onkeypress (readline.js:198:10)
      at ReadStream.emit (events.js:311:20)
      at emitKeys (internal/readline/utils.js:438:14)
      at emitKeys.next (<anonymous>)
      at ReadStream.onData (readline.js:1160:36)
      at ReadStream.emit (events.js:311:20)
      at addChunk (_stream_readable.js:294:12)

npm manifest: 
  No manifest

yarn manifest: 
  No manifest

Lockfile: 
  No lockfile
